<?xml version="1.0" encoding="UTF-8"?>
<testng-results skipped="0" failed="0" ignored="0" total="1" passed="1">
  <reporter-output>
  </reporter-output>
  <suite name="Default suite" duration-ms="122262" started-at="2020-02-20T06:04:43Z" finished-at="2020-02-20T06:06:45Z">
    <groups>
    </groups>
    <test name="Default test" duration-ms="122262" started-at="2020-02-20T06:04:43Z" finished-at="2020-02-20T06:06:45Z">
      <class name="GradleDemo.GoogleGradleDemo">
        <test-method status="PASS" signature="Login()[pri:0, instance:GradleDemo.GoogleGradleDemo@548a9f61]" name="Login" duration-ms="122176" started-at="2020-02-20T06:04:43Z" finished-at="2020-02-20T06:06:45Z">
          <reporter-output>
          </reporter-output>
        </test-method> <!-- Login -->
      </class> <!-- GradleDemo.GoogleGradleDemo -->
    </test> <!-- Default test -->
  </suite> <!-- Default suite -->
</testng-results>
